Performing C++ SOURCE FILE Test CMAKE_HAVE_LIBC_PTHREAD failed with the following output:
Change Dir: /root/workspace/cherry/deps/build/spdlog/src/spdlog-build/CMakeFiles/CMakeTmp

Run Build Command(s):/usr/bin/gmake -f Makefile cmTC_83dfa/fast && gmake[3]: 进入目录“/root/workspace/cherry/deps/build/spdlog/src/spdlog-build/CMakeFiles/CMakeTmp”
/usr/bin/gmake  -f CMakeFiles/cmTC_83dfa.dir/build.make CMakeFiles/cmTC_83dfa.dir/build
gmake[4]: 进入目录“/root/workspace/cherry/deps/build/spdlog/src/spdlog-build/CMakeFiles/CMakeTmp”
Building CXX object CMakeFiles/cmTC_83dfa.dir/src.cxx.o
/usr/bin/c++ -DCMAKE_HAVE_LIBC_PTHREAD  -std=c++11 -o CMakeFiles/cmTC_83dfa.dir/src.cxx.o -c /root/workspace/cherry/deps/build/spdlog/src/spdlog-build/CMakeFiles/CMakeTmp/src.cxx
Linking CXX executable cmTC_83dfa
/usr/bin/cmake -E cmake_link_script CMakeFiles/cmTC_83dfa.dir/link.txt --verbose=1
/usr/bin/c++ CMakeFiles/cmTC_83dfa.dir/src.cxx.o -o cmTC_83dfa 
CMakeFiles/cmTC_83dfa.dir/src.cxx.o：在函数‘main’中：
src.cxx:(.text+0x2d)：对‘pthread_create’未定义的引用
src.cxx:(.text+0x39)：对‘pthread_detach’未定义的引用
src.cxx:(.text+0x45)：对‘pthread_cancel’未定义的引用
src.cxx:(.text+0x56)：对‘pthread_join’未定义的引用
collect2: 错误：ld 返回 1
gmake[4]: *** [CMakeFiles/cmTC_83dfa.dir/build.make:99：cmTC_83dfa] 错误 1
gmake[4]: 离开目录“/root/workspace/cherry/deps/build/spdlog/src/spdlog-build/CMakeFiles/CMakeTmp”
gmake[3]: *** [Makefile:127：cmTC_83dfa/fast] 错误 2
gmake[3]: 离开目录“/root/workspace/cherry/deps/build/spdlog/src/spdlog-build/CMakeFiles/CMakeTmp”


Source file was:
#include <pthread.h>

static void* test_func(void* data)
{
  return data;
}

int main(void)
{
  pthread_t thread;
  pthread_create(&thread, NULL, test_func, NULL);
  pthread_detach(thread);
  pthread_cancel(thread);
  pthread_join(thread, NULL);
  pthread_atfork(NULL, NULL, NULL);
  pthread_exit(NULL);

  return 0;
}

Determining if the function pthread_create exists in the pthreads failed with the following output:
Change Dir: /root/workspace/cherry/deps/build/spdlog/src/spdlog-build/CMakeFiles/CMakeTmp

Run Build Command(s):/usr/bin/gmake -f Makefile cmTC_8543f/fast && gmake[3]: 进入目录“/root/workspace/cherry/deps/build/spdlog/src/spdlog-build/CMakeFiles/CMakeTmp”
/usr/bin/gmake  -f CMakeFiles/cmTC_8543f.dir/build.make CMakeFiles/cmTC_8543f.dir/build
gmake[4]: 进入目录“/root/workspace/cherry/deps/build/spdlog/src/spdlog-build/CMakeFiles/CMakeTmp”
Building CXX object CMakeFiles/cmTC_8543f.dir/CheckFunctionExists.cxx.o
/usr/bin/c++   -DCHECK_FUNCTION_EXISTS=pthread_create -std=c++11 -o CMakeFiles/cmTC_8543f.dir/CheckFunctionExists.cxx.o -c /root/workspace/cherry/deps/build/spdlog/src/spdlog-build/CMakeFiles/CheckLibraryExists/CheckFunctionExists.cxx
Linking CXX executable cmTC_8543f
/usr/bin/cmake -E cmake_link_script CMakeFiles/cmTC_8543f.dir/link.txt --verbose=1
/usr/bin/c++  -DCHECK_FUNCTION_EXISTS=pthread_create CMakeFiles/cmTC_8543f.dir/CheckFunctionExists.cxx.o -o cmTC_8543f  -lpthreads 
/usr/bin/ld: 找不到 -lpthreads
collect2: 错误：ld 返回 1
gmake[4]: *** [CMakeFiles/cmTC_8543f.dir/build.make:99：cmTC_8543f] 错误 1
gmake[4]: 离开目录“/root/workspace/cherry/deps/build/spdlog/src/spdlog-build/CMakeFiles/CMakeTmp”
gmake[3]: *** [Makefile:127：cmTC_8543f/fast] 错误 2
gmake[3]: 离开目录“/root/workspace/cherry/deps/build/spdlog/src/spdlog-build/CMakeFiles/CMakeTmp”



